91
10 192
88451 45531 576 6100 51502 42416 31021 85654 87189 96370 8427 43686 28920 46376 15481 61714 89312 84146 40921 42793 78267 76430 15393 54106 25116 84316 60920 25262 85747 95583 30029 34993 40416 44857 69427 28921 12367 86896 74541 59708 39311 95392 79388 17202 16027 70381 57697 36378 50032 85304 30551 57287 99763 25617 58766 20333 39921 38181 20422 10167 73988 39327 11034 72441 24407 73101 83449 85242 14911 34244 12571 9087 5675 999 85606 30867 56470 84300 47077 725 64399 45269 62063 86294 81938 43237 55627 34299 20172 68921 30388 50120 6133 95195 78903 28204 15233 46942 93513 48460 10828 64589 34944 78842 37307 13326 18732 54338 93641 56941 87352 74469 45226 46615 25459 13134 30056 92120 7318 47710 22566 77920 31669 55825 24098 15000 93354 12129 12953 73676 45988 71504 40126 42445 76808 15043 26365 37181 36391 4615 69080 79570 14129 77717 69463 45235 42668 6953 31350 30612 90969 78594 49479 20323 74119 82184 4741 7745 48598 26319 86156 84242 9735 76568 86370 46702 6520 81383 40324 62015 70825 9156 2296 22431 168 59091 31629 3972 22745 33057 67412 49365 36546 18345 21832 40743 72225 27716 16703 30688 36403 86880 
14 189
1968 2938 58155 98414 92468 19019 43543 9458 24625 73444 55925 43779 74619 12177 49576 41030 97696 26927 95454 95458 63256 49379 23758 84153 72065 18069 78629 34797 47959 72217 42288 16841 32644 22302 7921 18857 20268 87879 1932 65062 81179 94230 21286 11990 73009 75463 91814 23233 54065 90399 86532 2625 9684 90912 10910 61447 71146 75088 35580 87647 75947 42697 83438 5453 31658 85107 44847 81065 74402 7329 70565 48305 51709 19350 91467 17597 79791 47396 8324 10111 76609 4142 21066 7494 68409 16805 60846 88025 94606 62804 46011 75879 41422 27805 28950 62979 91649 87652 74436 3085 1920 66087 42305 57773 67927 46980 14198 46386 14861 8134 51080 76451 80308 28025 33114 665 30438 94416 18012 47721 91002 94599 83585 1643 11120 7382 11408 88598 93754 84742 75711 76897 92255 932 18161 21603 23312 87911 13862 95501 29953 89729 27838 69955 82916 48561 75399 36494 47453 6875 3345 14234 75207 82445 53654 83139 3531 47240 61989 20885 23769 43370 61250 69252 31206 73800 12209 95085 81158 18881 46881 84768 84072 3514 6060 85613 97984 2636 43241 79283 92913 64971 21768 67345 19024 96464 41117 83430 53499 
18 179
91656 65553 50977 61192 99743 72008 80708 43167 96879 9063 93222 42993 82885 64859 37514 64923 65893 70596 23826 72043 58089 22694 7009 56714 27307 39250 82652 83966 34185 61666 78218 45206 10619 85811 44156 76327 12079 57191 75502 33960 21127 73935 6527 3985 26961 23676 41023 26323 15202 76964 68664 61492 96793 69748 94175 45887 13098 18293 16862 34443 71946 69670 33717 6173 73823 88777 47118 57864 33325 90274 63304 14954 43401 56179 26225 31182 29138 40425 4901 29113 57361 82373 69242 85923 28176 76668 42825 36744 95510 6762 33141 4437 47697 63944 42237 96762 19431 84545 78466 11404 5770 84571 658 50126 3418 39108 22756 67920 79560 15763 69599 31166 42396 71205 94775 88846 93791 10540 45096 48023 64212 87500 16924 32055 71056 46832 57852 20465 3895 27639 31268 89851 17462 94241 48867 64905 63764 33890 40871 202 64739 25482 44328 16557 22000 75875 37195 95798 4856 12435 32702 31165 90390 56296 24171 52094 4121 49194 49609 59095 48015 98401 9347 41358 72418 68058 5147 47122 77529 37535 87013 92918 51739 33913 23558 45342 55372 54693 87001 
24 169
53086 64216 12157 65966 37544 15241 30426 67476 11379 44118 93518 41440 34659 41466 66529 91770 48168 44512 52861 57530 77008 80884 40796 85961 44116 74083 86479 69326 47828 61671 10246 50717 26035 1460 41805 49464 46500 35663 5424 34227 63420 57054 54536 20526 19917 99663 11396 57421 24468 97311 61403 26277 36853 18389 58704 68383 99585 46611 57363 1209 53962 10675 34763 53686 52964 59034 79726 50425 64677 74054 60675 37966 53984 78069 92422 58035 2620 26771 36376 94370 21668 73409 31907 84825 23374 18706 25894 19517 74106 34878 58569 25373 58000 69166 78064 76560 10479 5467 89272 77713 22717 58869 58326 83546 16276 89341 88361 36138 85196 15633 40047 21325 74458 82340 92145 11800 17210 71689 44364 74271 46768 49410 42597 55437 15573 91517 6453 99904 51563 29406 92910 14136 42828 99944 36702 42693 9565 19078 35002 56449 26899 45806 5459 39323 75962 39591 80028 469 25695 35726 95486 78322 86787 83738 5139 91223 94942 80094 57711 95509 49151 58999 55365 29008 53749 17266 38261 81195 52494 
27 168
11962 48688 9444 40689 40628 72891 11489 18210 99850 55834 2425 61488 6556 58487 60881 5837 13614 48201 31041 1387 87437 52942 95971 63945 72794 71449 60194 15275 53221 66789 21533 14915 19912 8551 65100 20142 71562 89356 3037 52098 6790 99898 50730 47310 15517 36395 83355 1477 51399 23675 12091 18349 39425 3036 61839 80607 62938 47708 96061 52648 75837 41375 99182 27164 73124 20729 38818 70204 25093 35985 54093 41306 58666 50588 57639 36513 80795 33805 71199 59904 15063 75257 85359 63955 20137 57566 87012 24246 43105 26179 37604 20955 54030 7413 42488 98908 64910 93708 64352 80367 52939 94534 55397 86971 93798 32580 91082 75826 43685 99175 56680 33138 81064 11725 1792 89381 29054 32584 82398 1291 1189 22303 50795 82393 73940 78359 7392 77855 20965 7242 128 13467 69499 55238 58829 49784 72289 83101 48497 57758 14537 68573 56073 80293 76130 10507 83888 85414 50655 29509 21995 59761 71722 97817 13216 92067 88038 94892 31782 52016 69807 30727 70891 28648 78141 98723 48232 69575 
33 164
27073 8608 27785 12405 24606 30964 1667 81419 39007 99583 74466 37500 52338 97919 60906 94172 79483 60949 45142 2789 62477 48933 73556 59098 47747 18116 87833 77422 42774 57751 73678 90171 4918 73543 33564 64756 38361 65713 19530 17510 58013 46213 45721 77056 61212 10950 46085 79203 86995 1537 77762 26694 41082 41507 67901 92278 82649 48393 10803 36627 92475 99223 38945 72038 61418 26553 9723 28488 77257 77074 96142 54987 88888 27269 68675 83011 14449 85155 97775 38975 8072 23633 22509 80684 18183 67596 48476 79784 32454 52835 34138 2557 55948 10764 36538 89146 84574 14000 47935 84140 6919 92195 7182 61946 37582 39734 38895 8770 57017 21526 20679 27583 23012 16233 89557 71374 50881 35226 32160 56507 99543 14891 94191 17756 59208 42020 13268 73468 98398 14397 84102 53253 23396 75105 19893 73325 40774 46263 17729 9783 43791 32198 47402 6439 38731 19103 90205 80759 55427 82863 35141 24854 77820 63132 33133 94341 51088 28089 8111 69898 1419 38033 96513 88272 
43 160
26683 68656 40220 79903 74525 2939 51435 42480 8315 10378 11678 38260 11111 26726 48395 23843 55477 28521 37454 17594 50548 67826 93412 36425 59433 44003 68135 86813 3609 6595 302 53273 70792 37262 59319 70529 96574 8543 43582 79482 44211 41621 81512 80062 11912 50228 64087 87009 10766 83395 48795 38321 31177 16517 44389 38352 46320 77327 61024 95051 74549 16638 2388 6952 16930 43903 68421 77140 24266 52188 63935 96136 10653 2793 13160 61744 83673 98941 77360 3867 55773 76662 75789 7074 33355 96315 76960 99666 61006 42886 61830 69010 23608 13286 29816 56265 42726 50460 68660 32307 77906 17621 8847 39128 17910 82887 31142 16321 26422 80604 82717 70291 77796 27422 80133 57615 85989 33933 25061 16107 19264 67652 7360 4278 13093 60394 76422 39399 88239 43434 75755 10117 8417 68491 73960 51530 76777 68974 93460 86139 41931 21518 69816 90754 88650 69629 88181 74788 26113 34588 76505 75765 85061 1283 29426 89094 57685 20738 13513 1827 
45 158
50023 98639 56446 83130 99744 64657 93946 16054 23132 88039 72111 93267 67618 65503 90722 57264 47401 12925 3706 52249 85407 50307 21022 68343 45335 7781 89657 59356 95292 50553 61646 35393 14608 22817 36227 57616 43596 11161 6590 27406 48061 30638 49710 73908 83262 89727 83524 49632 74940 61595 68351 64977 71956 93964 38820 39159 72849 7751 14787 2487 71055 59022 99080 17325 49443 74943 87448 31657 10557 44995 221 27828 50958 24583 14863 30350 35504 63192 65277 16341 52312 26172 64485 31505 35085 20984 59054 56578 78420 71048 51490 76212 18834 76471 59662 59451 26375 68297 77041 93205 21580 95789 4489 10007 41230 73085 32460 36275 14188 87916 39657 98503 71411 89006 16567 40374 13301 32792 61586 69885 33625 16939 53317 57631 93851 38401 52654 90169 96979 89853 71951 87309 17435 61330 26620 41630 51701 92203 95052 92214 96485 41896 625 88638 8563 16822 23062 40074 61326 44675 38217 81058 59126 9452 89624 6588 50775 86826 
59 157
73532 11895 87322 87814 48703 92322 94120 42690 11117 86844 27717 45617 73672 54516 27255 38144 90601 88461 15045 89439 96893 15163 73490 59299 37330 41800 35499 40986 82701 26510 19449 96014 53002 64084 11445 56052 42674 20122 35998 75854 82935 90047 29625 71784 25431 89308 6492 6393 5564 96193 66719 68163 78606 66619 94750 40083 88422 84077 50222 61045 61335 70751 91780 42884 59309 32191 99033 74155 70615 40602 49196 3148 79760 96632 15844 14158 92317 67101 53176 66513 39748 48377 64547 6958 50750 53186 31659 97381 19543 78182 77539 9165 53528 2405 87625 34262 75033 98936 54998 24436 66470 94829 97038 8555 77898 85584 17447 92711 8367 4849 85110 70895 7783 52918 38127 84899 59062 7198 94082 8945 80609 8138 26109 12924 42163 17041 84725 54605 71081 42492 42125 88332 60947 98597 55029 11273 72510 46150 75906 1624 36790 34003 53372 84756 38978 54377 13080 87348 30283 91134 66019 27848 46293 6165 22123 59420 29174 
61 156
95736 77811 59431 72762 76904 79777 22310 73075 95790 35036 22849 689 35398 95311 28809 70812 70655 39157 26317 15493 75368 55072 60305 60332 87878 44957 59252 24031 45945 50676 56972 56642 46959 69677 15005 98533 38562 84783 2177 44839 58298 99258 55497 32628 45942 44808 10887 78721 33554 47616 91776 89144 57355 25622 41653 70631 46413 7041 37384 41180 92223 20716 56342 26736 50273 72097 2236 70190 39990 41607 69107 78728 27235 9348 27683 87586 4836 34358 58788 57672 6510 48108 23520 65797 21166 46671 7184 36934 7987 9043 11216 73480 38208 83096 80735 50167 63865 9652 91830 94731 86495 59422 11457 44212 65765 67208 96085 34833 16623 77860 35284 16667 88179 13697 98816 23718 47837 45396 96763 72274 16895 4984 53272 44413 91817 97069 22738 97402 37159 81459 32708 6079 49325 49378 42577 47868 20945 79322 2038 22083 62036 68823 96625 27866 21780 76427 64654 67607 93285 41854 9097 79470 39309 52549 81490 13735 
72 155
81122 59996 99601 84387 58948 28379 95105 7495 147 46487 98505 51333 10286 85355 75955 11848 58208 10681 19296 4711 26167 6132 57024 72945 18003 96374 17978 2628 92735 35996 80241 37103 51029 73734 93328 92400 27465 9973 59123 43733 29705 17713 59966 68655 74149 58689 67169 23918 30067 55378 10454 83930 61414 15093 88348 95021 5887 74179 68505 28722 52091 48316 32713 57897 72782 90688 56072 17181 88756 66585 94525 87244 81494 85744 944 28104 27241 17424 34869 23745 39515 83647 98744 62352 17660 12024 27191 94950 48088 34953 21774 14719 37536 88723 27830 4554 19166 67342 81516 6396 70146 49625 92274 58328 45254 81955 90719 91495 68774 63815 83990 74752 25747 82490 79546 90174 92292 36229 44806 77510 36944 18175 57088 81461 67268 60659 22368 68490 84849 97047 27142 10231 96324 81199 91777 22867 4137 76222 99588 37679 73883 60056 38557 95928 34409 403 59182 46740 10276 79334 13649 52548 25094 94565 55200 
82 154
94427 9965 74817 92751 35839 70156 57275 20668 1848 86280 73030 88665 31520 57333 53781 76268 91410 59437 3189 73714 82204 6420 24571 70907 67820 63804 32539 1458 43642 81450 77083 62171 36917 55938 23378 89648 84857 34537 21998 81552 39969 13367 91355 78104 74244 18699 33418 1282 7123 70707 31292 84319 85113 10262 53094 84501 33823 19761 88255 74592 54485 14165 11370 11496 29433 31834 83871 45634 11064 58566 57226 90216 79053 9080 57780 91552 27270 69297 55803 77399 22409 82392 71738 65730 59459 15908 87737 45284 59643 93366 14854 97380 33262 8159 45565 17160 73346 71343 6773 71111 31055 37464 87438 10802 63801 76343 38835 38877 53693 11287 87595 85604 91349 83151 7062 21316 51603 13241 42615 9642 41626 87146 61079 80749 97857 32711 71516 94922 41916 63230 32256 83224 2363 32000 77823 42102 5634 13668 37020 56612 51149 1755 90857 42097 10486 56149 9480 8556 87030 27365 36712 87698 8716 1694 
87 153
50311 90028 13338 26373 98699 81491 21129 83558 33726 2027 51683 92428 31066 76971 2354 6115 66574 76295 9022 62042 41857 38236 24582 2028 99596 66330 73969 18872 28748 58719 43136 70206 87764 87251 54032 61317 26785 9943 26377 79318 39281 6934 98724 58254 46923 26904 1151 42628 23186 18218 6341 77662 80798 40441 77578 11584 23426 62291 7977 62109 77979 37222 48984 21807 84522 91007 99307 74709 75278 96987 63325 81216 91670 96410 7205 80750 60644 80985 92812 31905 29148 75498 61597 83376 92609 30247 66725 28844 14928 43035 99876 17135 3617 22980 21752 14529 62372 59926 26162 4414 1732 42150 44928 46275 78371 21928 96688 24604 23526 99933 40830 33873 64892 65752 21104 4556 79093 3489 45820 45227 88002 99288 7222 35210 90430 61444 28244 24851 49299 7370 8781 51406 28971 47804 40692 79996 38904 28250 97631 10270 53538 98818 82891 3231 5737 64794 71939 80717 92719 4758 37239 47184 66007 
31 150
42871 48614 32206 72377 49970 9712 54174 8279 17689 77231 45106 68293 96263 43896 76474 67827 43305 27096 40671 62738 7206 4564 32030 59371 28842 76002 23038 4283 51582 88695 41167 97170 51788 45368 80747 67839 91671 39668 85263 54769 17427 54291 75142 16212 30112 64861 77412 68992 41733 3927 11319 91281 5465 93273 20673 56782 50247 6993 2072 94723 38425 86083 53596 84882 18863 57146 39269 27642 65316 99194 9258 5115 49591 92450 15462 66966 98548 52436 13125 25149 5300 90333 3073 667 74420 35723 24234 14938 77824 37846 11884 64744 32304 64281 14176 29152 9338 57844 53494 60629 20213 13387 66236 70837 83268 95144 71698 83916 64162 19875 76962 35468 49181 1673 29740 90116 70468 4848 57461 73230 62714 98364 30174 97151 41605 66133 74050 50976 89622 68764 64648 37859 7410 92055 840 81539 66865 12338 20378 98968 12968 46196 69703 70748 57379 98858 9916 98443 37972 55306 
100 149
48005 32338 65341 22726 17367 12525 23968 92602 91112 76271 39290 85770 93333 26199 94985 65616 98776 45313 98180 54986 17224 19783 22438 40500 89200 19491 1029 15755 8738 48031 79208 82351 65627 85833 50500 51855 81291 27299 38555 85494 50895 7337 2883 42494 28978 76671 77108 5145 84373 56467 42016 51205 57020 86921 78832 43785 34569 94818 59229 91896 40063 55356 12696 58633 28695 74485 62821 85668 51647 20039 75220 71818 7718 39013 42659 95004 12540 66810 23392 94068 29473 65040 57975 84569 82155 86329 47910 34812 13193 103 40263 98105 62572 4568 35137 78723 40848 93837 43814 92447 94040 1208 35978 47069 8471 26756 74605 5860 10232 40552 24477 84662 35065 13855 53082 84595 61167 42078 61446 41086 58610 32219 29827 5116 80831 7244 7434 47515 96655 71944 73763 96413 81605 28963 23198 12738 17331 41660 10713 68471 11831 61228 62824 61948 46282 73941 82457 88258 13639 
101 144
21589 69158 73877 71817 28235 26312 28101 93318 42981 98156 28373 54484 98212 9809 20555 75919 14212 74408 32732 14595 62630 79531 96379 16569 564 5175 64684 9513 55606 63995 77748 67242 39321 73311 18956 30902 59042 86010 25734 25423 71706 83252 51390 17739 75936 62262 60333 24863 48820 91417 68542 96914 55216 7685 91336 69142 75026 8594 98777 42605 10082 9192 7700 77094 75728 8988 22997 58135 40754 69920 45058 24812 96816 35967 22440 20889 85953 99385 84570 76965 70659 51159 79300 11271 71147 48942 80668 43548 34761 93485 88130 20396 1424 47083 12171 40057 12436 28296 93360 62373 67001 73993 58894 81355 54522 92819 41783 14711 305 46100 89247 65122 87643 12276 15358 11018 21628 62607 45229 83568 31688 18050 8099 33603 52704 8483 50997 7843 8084 38725 41874 98353 91227 12293 37313 70874 16575 26870 13942 4458 71227 44708 11910 76613 
102 141
96883 6419 8950 28987 36164 66172 80100 43672 15336 42769 98802 46759 43192 33886 21344 28263 79309 72941 69324 41234 82249 66102 59896 74614 13443 10038 17358 48894 52070 61469 6424 26502 1528 40336 98388 70026 92099 33207 96520 50510 72424 70486 74158 28406 68466 21502 70464 67316 12555 28236 30340 97950 61572 22803 64423 7497 40314 84661 37008 68329 18650 88608 36547 76924 29378 34456 65266 67327 24533 24850 10558 16890 10534 6047 42660 61795 86196 93101 70733 73622 83564 73087 27874 2848 6037 86367 83880 8180 42930 86399 11487 67489 16954 31979 55745 60054 5342 24660 95724 26581 23864 71882 14570 81177 99083 48064 20461 21387 60179 41742 61462 39357 51370 40199 48434 53455 54645 74022 293 71553 3178 62794 6659 87766 68048 38772 22879 21192 37410 74029 53422 84410 91749 2311 93385 30295 37413 71796 2053 4837 76670 
112 140
79703 82288 76912 59396 56065 59852 63867 3633 42530 20288 37018 2704 1464 17771 47031 8967 6733 44833 52649 5844 36505 91977 78857 88512 56071 3481 85181 82428 24010 94835 3894 7737 99169 45082 42281 22625 99652 62913 56081 68186 69088 15830 33709 15993 69548 84660 25595 89519 47498 67395 40565 12971 42989 38960 61223 860 30976 73761 31090 78620 83926 83583 33394 48747 42310 72520 22541 14820 9263 85108 14516 94877 24588 19739 16777 53061 39937 66597 68544 72888 17747 77266 55368 91582 84687 36521 12880 45542 30421 18283 93885 16438 51841 3795 4206 99646 92051 73410 5183 61392 37575 78433 922 93685 47522 32988 12499 97587 78813 48397 50419 36299 97092 6070 85488 96084 77519 7512 45193 54996 60806 96053 71540 87111 16429 53849 90179 42557 12231 85459 39405 4808 68762 43820 8484 18096 57849 38408 75348 64222 
124 137
11447 35405 50507 72788 15804 16080 19335 98519 39297 14146 84323 798 27634 97032 92407 23370 93810 29840 6863 37767 61918 90834 92333 34015 45824 33794 254 58748 80002 36051 67462 60754 9009 38650 25080 83119 62233 82092 94185 86133 97542 21794 48944 79489 30734 76677 76933 93572 14723 66170 99654 18858 78672 90671 4688 30230 49076 2713 6618 71826 51955 85850 94432 48628 64380 58845 44681 35207 63769 95493 362 68562 28368 48384 76787 4559 69544 16676 84335 12336 86996 40279 89476 60655 47546 88186 52396 56874 94269 52605 57660 22513 3603 10237 70454 13362 59716 69881 69422 85710 38465 13830 82787 60313 56995 32354 149 85274 56735 99025 20488 80154 1370 59739 77611 40223 42192 77683 7152 63257 81259 25933 15395 50449 97359 92493 57995 9841 27886 80970 15894 82378 76758 6343 34274 9029 37370 
83 135
74501 89298 26329 2400 25792 9494 54792 12769 67278 45670 92882 97717 88351 45505 96627 69464 33246 39382 47685 805 67581 84034 99314 64732 67453 48331 62223 62636 16537 88382 76390 25287 69763 84282 83648 12628 37911 60087 75344 82690 60967 24560 32053 10156 59253 84871 38221 68093 98169 7446 12745 75321 78090 9076 41951 36343 36474 95619 98060 28970 5080 96975 47166 58478 24774 7532 68474 12064 86344 46938 52460 26697 80500 24454 44158 84613 33632 41771 4039 58935 16782 7253 35564 86547 43677 25702 13672 97142 61238 47905 5771 66514 33505 16985 80980 50035 57291 60053 74112 37919 35862 95793 61837 56606 72151 81727 25830 14474 3366 39440 28510 16639 47953 54807 54149 34914 6779 60341 93362 24393 74393 96803 19971 26698 65309 5180 86369 8603 21703 5766 97236 55843 54585 14162 65230 
127 126
12011 58891 38952 22991 8115 22452 15734 88894 87523 1486 76223 10801 75844 52734 65042 70845 88687 77252 8262 95702 70843 53893 42979 26849 12500 50283 30680 85618 54368 17907 51537 83399 66782 7005 3497 43873 65551 34845 51581 48532 56732 19383 75999 7247 77206 39400 92756 54010 35586 30505 18932 66867 4432 28055 76083 31870 57924 73022 64714 15712 37223 57544 5853 56716 7470 81208 87604 31370 35053 69975 51927 55898 83815 38606 95841 44642 74177 88279 27832 17556 45116 84898 23480 63417 16414 19417 11109 7554 30723 32905 9610 60377 67311 66580 89376 80160 58028 92192 17163 29485 46364 77608 20962 76862 64761 40091 37601 45139 35850 89204 59103 77658 49845 52156 24293 968 40608 38339 18674 93290 93581 4381 85786 79519 55023 22911 
71 125
99485 82273 36501 77393 32802 20784 12677 51851 51912 41021 7734 65949 20104 67288 61340 60821 4063 84843 47612 9617 82456 63350 93459 67563 41757 54031 51380 54274 67812 17236 70857 35662 71649 26944 63018 21165 87992 61660 19271 93018 16097 85421 28627 59685 9553 53895 511 356 13349 78373 90789 36419 60537 28323 61810 35211 30299 43741 76869 97443 49691 18637 72904 32137 32135 92774 95422 91534 22073 35475 43467 74191 70315 58009 94351 35720 27182 79354 34672 20819 11462 37690 95756 58423 12676 77098 28138 62876 28424 93353 86137 30588 83817 7505 9815 54953 61465 56658 12218 18086 58288 68517 53580 18084 86912 66441 42664 6713 17598 24746 30532 86467 85596 44737 51119 87715 24970 37162 75027 50490 60590 17905 37980 68333 11095 
55 121
91115 53518 20564 91341 84814 5360 3456 61872 42141 54581 23575 40135 57696 60648 55343 72946 74899 31899 5158 23123 85727 29349 51310 72041 52965 54829 22678 38444 99797 49090 39814 90812 30475 84965 21592 70570 62453 76206 45243 29121 56543 99031 46336 21826 27074 57213 70760 15209 38679 79753 42544 15069 24561 93401 96629 43185 37917 90577 11602 13246 94402 99655 24231 44511 51844 64273 37278 83326 16415 74041 78929 84491 50941 96720 23478 96741 99133 92370 75482 49278 83075 26389 29682 82911 65657 48438 2825 31024 56855 39527 13025 35473 64190 61263 1365 23036 93673 82358 25699 25885 3174 89411 43240 95431 14489 87245 28537 72719 15478 1111 51320 51854 87470 22621 12255 22501 23704 51903 58407 32019 44197 
96 117
81068 50246 59043 87866 14619 21682 54478 14674 65366 74143 14623 70896 86552 17495 19179 81264 72158 43974 85388 25781 44517 44086 13914 95251 10708 20919 28552 62908 25958 25339 63942 94619 58160 72299 30627 90670 60112 41394 69759 98944 81081 31196 83230 56872 73646 21390 50378 81487 97048 25236 92173 86501 5328 95448 59841 38575 24780 42166 81597 67755 16043 23961 46620 77359 50251 86470 72107 73403 3028 80734 89584 30 42037 79972 39166 51323 19473 76704 88184 74205 59786 36232 85753 23974 3776 32270 2997 63689 65756 242 24184 16502 31598 77633 4826 36577 4211 92035 63638 63408 65970 12353 97689 34485 36815 99503 17768 21861 43944 36898 76348 10895 76999 51366 25144 83220 20545 
137 114
58065 3294 55036 76347 77427 61793 95775 70708 90525 93832 31577 37969 11209 43538 46006 16582 946 53555 83254 70560 51889 54974 49059 5412 21378 89764 74280 78342 42964 78994 32956 17933 62017 72339 90055 82593 8234 43470 59537 10632 64102 14917 88480 89634 65391 88962 93955 973 22226 26326 6963 43637 47806 60090 47351 98504 54562 48986 33636 41047 16810 72779 85506 93246 13766 54864 95334 26492 47899 24415 21052 19174 58363 92636 56728 2654 80127 32470 8523 99142 25688 50877 61073 9141 7503 89119 32588 34336 51147 11083 76431 40740 18730 88319 52735 59198 41603 30443 26163 23286 82180 88246 23308 50341 61423 23577 83828 21329 93316 69376 94431 5109 77332 76174 
80 113
77309 24518 48977 85087 36743 6069 75533 98793 28863 61590 21240 59809 57111 32071 24357 94015 18331 86261 28910 12657 77147 37056 94061 22092 42286 5700 44220 62072 88602 59994 89111 60616 18797 39915 15217 11251 52139 7430 75224 42182 33209 18491 17366 97247 77307 59757 80588 12119 19599 4776 23837 84380 26421 27441 31310 80395 21153 7425 89521 55506 22427 79491 89275 65915 59001 59275 60582 83516 7398 73795 29294 47588 35630 12976 44763 5957 43327 39862 70188 85347 74313 50538 66365 75967 7708 12936 70404 67297 23454 45600 35984 30185 27040 34868 78640 44136 68119 53478 85215 5001 66178 40674 28257 56829 91270 42715 65108 48664 67225 65872 30015 77114 64191 
140 112
54386 94656 86371 61757 50268 92443 41317 87620 4112 90305 68429 70355 73562 53923 3704 25186 72528 40875 10281 45501 6400 29478 22610 61605 55710 54360 23737 8238 71008 81478 78706 10969 67661 97591 6900 99230 78478 98338 86524 6205 21204 94395 24750 50851 79103 41642 95346 637 48442 40247 63843 58959 21977 2898 61466 95094 94978 16925 7347 6241 31215 25920 17613 56239 73343 15660 94608 41486 58024 635 2008 77803 52516 52812 79182 43736 77859 19399 98835 14739 99698 89114 83279 42541 49859 51091 20079 48144 20277 32753 40940 63104 44731 84018 47120 30882 29385 19573 2140 45147 68408 35471 35009 38634 44252 9208 10078 22850 70362 14844 62189 12514 
148 110
34556 72800 53614 75777 23857 37681 38323 56469 66752 85029 27888 54310 51049 84813 67773 11430 49386 29987 67500 64096 28149 96750 61710 41111 7498 45936 75111 31867 66539 25336 15858 85305 71505 20701 94458 52664 35887 71477 88748 30941 83257 31879 27633 90796 12544 29197 54937 23261 61618 25001 22141 53292 39064 60762 13164 1935 34545 6074 89911 19418 89518 36213 49545 62543 6401 87213 80914 65333 34561 31397 72012 14636 83168 9597 52560 63060 29089 33458 35260 84015 97298 34751 16065 15112 13667 22653 493 56947 74457 84637 40537 95672 73026 26487 49177 20614 11380 94224 92575 286 87371 45270 38795 54405 61891 22413 2355 74981 1007 23989 
157 109
41326 39988 33393 53608 66296 95679 48698 22957 81000 53641 17964 35256 15582 34269 94692 96573 83498 30602 84686 27481 35388 52690 91631 34930 67896 43862 57728 43545 42128 61516 79325 2260 67229 22448 22798 19146 7665 71127 22895 80526 83211 44401 21859 24380 54877 4393 4828 17157 3000 80072 84795 46044 81819 79381 19723 44486 79672 27355 54590 77783 14543 61761 97574 60974 87169 4799 14049 42860 29059 64311 65527 12047 32347 23776 82315 36317 35727 19190 5414 36153 62992 22763 28021 90208 34678 47822 96779 99053 59117 71728 98694 98564 98340 79327 88926 88399 26986 56299 84745 29311 33614 96093 94999 38573 26404 29757 12602 60246 85106 
158 108
90949 35364 8287 10580 34854 13828 4977 84417 57946 26397 71260 1247 75825 34346 97709 3647 93446 6902 69541 78396 66424 1741 77555 86853 36168 60481 3434 52940 59812 66981 36447 25581 4179 94799 5152 59983 41677 26858 92268 46776 33177 23340 3968 94300 45065 47574 28000 37927 76871 72425 65117 6248 60513 82247 82111 5967 38092 35117 18671 70449 42838 1824 75695 12057 10376 76394 8002 84076 8975 91573 3406 30277 80592 30200 84539 67733 34393 48756 43861 29144 45008 80340 24881 12690 42024 34551 26002 20563 563 20829 84368 5349 88971 55212 78811 90696 24674 66259 97785 42556 11038 16406 50142 86563 46299 62207 92176 8947 
160 106
98295 63550 18155 29632 70955 32866 30151 58792 44812 49199 36602 91466 61321 86963 92781 19849 36798 79106 17641 75419 57805 36822 68371 3379 26680 89820 87443 9285 79198 20239 22846 15362 74755 95569 42869 42843 52274 20217 36398 51023 68535 37080 49472 53370 68154 7339 19885 91962 55610 71220 33147 92492 29884 37563 68865 49380 39188 7660 82183 12144 11620 90730 15525 10848 99914 21863 2747 25897 22324 45589 5979 69678 76117 21141 4860 62022 81627 86337 38937 30224 13661 17448 19177 28265 86079 99426 77227 61740 96326 81046 8819 84355 10430 75267 91193 10982 29861 80195 96005 70181 13040 11597 24672 1347 89208 24443 
179 104
75160 5153 37011 73780 37570 55259 47690 17852 91793 67586 34027 61072 59405 96667 27553 34951 94229 86818 94963 84315 3981 27816 8784 13501 29241 56806 16352 27304 45449 65574 37591 4060 98893 23567 23413 53605 75559 47227 61000 3102 92425 26599 12479 84381 67122 61344 67916 53550 5438 45441 64140 59219 95204 65386 29304 96019 2026 55831 83063 33941 32110 50256 33097 16342 76113 46654 49178 45591 10009 28336 15450 51615 28513 18507 87449 41737 76661 76944 98400 71755 56324 37790 7411 51733 37493 23884 87671 45645 65580 7261 98678 82951 46570 9295 64039 36533 30122 73082 61407 71716 63095 95205 80709 93958 
200 102
38000 44905 92860 93172 1787 81869 27590 10732 3068 65180 36468 79046 42640 89002 26358 30952 41967 18040 18581 71372 86166 58727 11365 82538 38964 87381 69149 26388 45152 6416 56194 38478 42504 60807 13208 75519 73664 50948 49096 2167 1173 8083 45578 82207 71328 58382 79341 28111 78089 51313 69193 10398 14038 34756 76037 22785 28230 91627 42195 53336 2000 96939 76903 99857 58905 72399 82420 51712 93138 51132 80440 57319 54024 7852 54862 21227 10394 25534 31158 40210 6876 11823 1650 77989 75795 64965 96392 20362 41163 77734 90410 35868 4090 97007 24912 28632 33982 45302 66203 41866 45272 7905 
239 101
30252 57923 3951 43262 79863 82491 40411 88647 96466 21627 76112 48182 42799 41139 6264 46467 21047 76644 31396 8124 78678 6464 9685 70364 56928 91208 37172 26496 14456 7394 29894 73042 87045 10023 38861 46802 81970 43157 49254 6823 60441 35017 79250 96953 67377 81474 18388 72141 76069 28385 14201 12590 57434 9627 13846 85799 81318 40647 73694 37257 8028 68276 39039 85662 12093 77119 73207 9601 78925 77927 49126 83808 45890 29027 33161 57779 3222 29744 52646 93952 66302 46684 11677 18128 73555 70958 54547 12743 93691 591 25172 90364 49665 34100 58375 90975 43821 31616 88523 94806 84683 
220 98
2198 64424 50090 27077 60758 811 26111 99184 36737 12330 70166 11057 57216 16647 35327 63215 11603 20515 67152 50732 80378 76860 5223 95269 44729 72348 70832 49549 27525 54596 77287 91492 34580 94732 11388 99 28391 89955 80621 42949 4842 43574 34466 12547 75887 19364 99106 21782 71294 73062 31240 40447 1431 8990 30822 16535 9765 27582 22672 12115 78855 58493 87211 34831 73737 80495 32167 88211 20449 58858 26871 53009 97878 55899 7790 89536 2334 86045 37902 21996 70141 26751 27411 85327 41509 42815 6567 83026 24940 79024 54684 92914 34452 24777 65589 54052 70062 68139 
244 97
92358 34616 76722 90852 10571 39943 75939 86454 898 73588 28604 43478 10149 25034 80560 10455 5534 9016 92069 54772 1605 6885 90247 59381 95162 4560 90774 72792 76576 18614 81082 37342 89839 6832 63426 43746 5621 56542 91735 81887 79111 60695 16431 24692 18264 43589 94192 90713 81348 6509 86664 37429 62140 98481 49056 77904 42618 23887 32869 88577 42733 95542 20 75946 8005 16263 95006 21871 5108 35643 69537 89525 62732 22378 4680 4059 87508 39456 27309 49241 42749 64400 72731 87648 16823 81908 63297 49644 41494 53465 70263 3522 73152 46246 19656 61900 21002 
226 90
48755 24021 9292 49481 55842 91574 58547 4391 97906 86535 39722 11019 27203 90572 42354 67936 74862 11858 15836 7979 29345 39634 12094 88032 63972 32130 25876 77532 35011 64017 56744 61053 63007 49258 25718 12262 91691 72973 10738 18259 71592 10843 79371 5016 72390 42814 3133 30373 74589 70219 93921 71284 34629 20025 87057 92081 48328 22209 42472 23902 53388 57048 49619 64888 5938 34491 99413 13351 8688 39020 92150 18789 63437 16717 59790 42131 73913 83451 46729 26796 85191 30664 2595 93311 48436 43135 79618 6041 23115 64185 
242 89
12081 1303 23309 16393 15635 32858 57563 78572 45038 64947 38924 94339 27769 65383 61215 20339 18145 93575 12896 97427 14799 92149 41395 86359 33401 20383 55520 32637 37892 90908 92629 69741 12518 59530 58919 61062 36540 92904 70020 5609 12546 69834 34008 56439 23206 64978 36182 53026 77616 26568 40346 47442 22996 43758 35599 11331 53136 34971 67911 8923 45413 60107 33638 53231 50317 57836 11812 54731 29481 79359 26544 78544 53088 53963 38343 79920 53320 19066 15059 14607 94757 16347 3786 92933 45930 43398 90570 48619 84195 
247 87
15803 37784 83466 51349 27410 17221 18815 95742 79457 7212 18458 78817 37909 39952 7127 21281 55451 70328 84388 42214 91819 64668 52806 41616 78734 6149 9032 67032 8015 19004 68275 48029 70382 15520 61103 23214 86347 7017 12823 98462 41484 62240 28673 77831 8576 84497 18703 96077 81041 62659 14647 37165 53575 4412 72690 88256 44660 62403 38159 98139 97409 33659 7608 90272 33422 38304 46276 88865 41824 19458 28519 48353 17615 38252 73243 1384 30317 76569 55300 96541 42658 70526 60012 44359 22237 46338 54144 
252 85
9005 76994 35488 95917 65633 45869 74298 74941 10163 64697 96444 82637 3265 84438 27995 39759 48225 49957 78522 5354 58173 26928 16741 51908 16718 57789 47791 40446 73232 18341 81575 96044 37876 56366 41992 86401 67628 48601 59953 88021 44923 28193 81985 98967 84452 49771 41491 80380 52213 33237 61199 18131 43219 33376 15926 30446 75534 75513 1050 62074 58221 521 47943 38069 51661 77477 82341 75052 90069 31584 3271 91396 86589 32249 31319 60294 90910 9511 49716 15933 87927 53940 52565 18801 73627 
260 81
50524 70524 64579 64443 48412 82496 11704 6730 66635 61756 88835 9443 51682 24202 82372 37809 3921 12463 53567 52762 68405 86549 68236 49647 35969 55822 62180 70532 550 57144 43735 25205 24076 73227 3929 62047 51963 37220 13138 99690 73521 36951 10140 48789 89682 41242 89902 674 54152 19439 44076 22794 25204 59617 26198 99765 41329 7178 64468 97864 21197 86525 2691 15838 25980 66696 5410 79080 42913 74747 77419 30965 86355 15464 73566 77965 10482 27150 80632 7259 30542 
267 79
82414 95675 72857 96306 6951 47553 3922 57843 83976 54035 84259 79795 36043 52422 86311 58379 2222 13307 17584 12202 9659 6235 33652 73582 38499 99918 507 8063 76193 24705 44005 53298 4048 69839 42607 34051 55932 57570 1774 69294 62092 2974 48634 69870 5858 60531 83932 22546 48658 66828 93070 76289 91491 11900 58082 95261 22608 76136 71781 14572 62252 96772 34836 59715 63715 9875 97758 24354 67394 81241 25645 23838 65109 45237 26420 3211 857 75635 88474 
261 74
87609 98077 5755 30795 20704 28216 52121 6465 79835 50670 67465 65855 81265 54624 25106 21170 40523 67302 85235 65029 16904 47119 37337 27470 37726 11021 27058 93370 45792 55967 77947 75857 12291 33720 51973 63857 85635 93332 3470 34475 99915 32097 51189 41090 28362 63633 90555 94276 35484 58281 98532 30844 22381 50089 92238 95880 33689 64763 64860 50478 25707 56973 94871 67256 49395 96307 67659 2909 74520 69652 53316 25953 66610 19209 
287 71
29838 98323 74733 83956 99468 26991 88198 70709 39026 57540 65283 62664 23075 17174 6939 79448 36940 53116 69041 97557 23727 18616 65462 36084 7926 34710 43526 83291 7472 55734 47019 97529 83110 13247 80781 39010 27473 67967 73564 72011 27209 1009 89864 62117 404 80567 33655 53044 64663 87116 91900 52354 62406 96943 12241 94809 77922 26629 53913 45968 77821 82912 74513 71578 72192 28102 70236 64936 95022 47021 52848 
316 70
75062 47273 77505 56212 7426 96874 87306 48810 32542 8676 72022 31953 1988 94497 60397 2137 96728 33556 94807 3179 84755 43744 77214 25309 49335 66694 77059 85097 65990 20489 14244 83034 74530 71317 83915 3889 45114 32457 96259 75078 1591 91318 89386 11097 88947 40476 37633 1333 44132 54607 62644 70737 13679 66571 49042 2659 55032 20740 26226 77078 4095 61631 11253 18495 55697 94774 86660 2640 57317 95325 
341 64
2310 19692 66431 29000 68165 4105 24792 43070 44119 89563 20347 56784 14836 35543 49397 91236 78504 84457 6067 19750 25010 7692 22436 12710 85489 61071 67848 86710 22584 14780 30553 1748 22573 46889 95907 75772 51085 74611 5364 60032 7179 92431 12380 90078 38255 71308 48060 72513 16991 98711 63895 44657 28734 48722 75715 28840 51588 5833 87751 94158 10858 21654 43371 68469 
388 63
3461 31811 44768 49918 65226 69491 54576 59710 82331 49319 94279 97674 52557 97694 63183 55977 10357 42703 95677 99901 62365 76667 27547 30457 48527 27445 49290 85201 13316 45592 79298 51364 47226 49504 93525 20092 18975 29056 7493 15590 71832 35881 20635 12451 74869 71887 17276 65863 31107 23913 81396 61910 48850 26517 22598 18280 82837 2761 21060 59210 69939 6821 67971 
389 61
42645 92205 25255 72147 68097 91848 9305 34847 87297 61022 37376 8248 89165 26061 67521 86991 18143 88566 86830 37416 92053 68494 16690 63515 11266 83319 14503 6449 96174 39978 52119 28160 74624 18094 23923 75956 97257 86513 77010 27872 79587 2077 97959 90691 61561 98320 25469 58667 64730 78746 4167 8533 18501 60887 97274 45500 39813 69477 66215 76111 16473 
151 60
1063 72914 93278 42289 66577 50463 22172 57737 89981 81440 12227 85343 94073 20367 60018 52268 70890 52060 59133 74518 60878 45422 3882 83675 94817 66306 62966 74962 61952 61361 99968 24814 13695 19488 34736 21629 11511 31445 86068 46008 39443 8362 86658 61090 54504 53402 46573 13018 50659 2800 46808 73117 71854 91127 85084 74481 38154 42330 67648 55047 
184 59
15966 71063 45208 75741 84293 21631 73283 74200 27660 97355 7440 34471 97951 57958 44497 3304 45651 93019 38492 65 94499 3206 10413 23840 15454 10844 66902 87087 99129 90160 63736 65861 86064 41939 4506 51569 48314 27726 79310 15548 70901 32042 55429 27370 63440 66977 62587 39912 1215 96428 30946 88286 75548 62950 17680 95179 16883 14296 1864 
390 58
99960 57527 4894 14561 37897 21120 94540 94755 32146 54681 90995 89654 87867 16246 31615 27743 47460 10165 87200 51705 82684 40525 89663 83731 99324 38676 12462 60914 11997 54282 33764 57374 58542 50770 76296 32669 81774 46249 86505 1586 67292 76918 56574 82683 51367 38681 68706 83272 71530 17711 62926 87950 13407 96998 45929 91599 9384 62310 
409 55
21891 76095 31796 77585 57217 81651 29017 81702 23417 26615 97261 77138 89061 71675 51444 78068 57837 53489 14043 97430 79484 59498 94911 79479 4416 37566 95446 86700 429 70347 56032 7995 67752 61069 10958 14823 81533 50063 21152 69052 42760 11681 58197 22221 68300 1095 63318 83802 72795 69238 95121 55574 57367 71038 55244 
32 53
84623 30094 74031 46499 28638 13621 85411 89805 35495 91126 52102 86473 45394 40315 15943 33623 10661 24047 92837 95726 25900 58108 90386 45812 12820 86275 26396 58596 86271 10024 39543 94847 87268 29198 73981 58181 17047 68538 4046 77228 51795 1485 58462 29124 15095 27826 4383 72183 24996 54186 82110 45291 70910 
434 49
39404 20221 552 56980 33939 23967 39860 45491 65036 14221 41327 81509 38702 73352 73217 73545 9070 7937 82090 57593 94308 70021 9530 58706 60088 17685 15006 90380 94991 53170 74085 81626 75619 83537 77485 81458 69856 2325 87540 88426 95683 21137 29484 21773 37164 1851 36875 17159 19901 
457 47
46019 65469 45728 39629 56764 15766 84026 37857 55601 60801 46511 99803 56815 53983 25329 40738 71977 83842 13745 37914 99884 97743 77704 14012 36551 64305 65851 66228 25344 23139 79400 12956 43541 62983 56805 90222 41148 94621 20776 90869 95480 41357 38729 80283 19706 25006 56058 
466 46
26054 97793 82386 90184 56274 5996 13755 7458 60019 24280 64252 35830 57744 30477 29335 83620 8552 12493 42356 51001 85630 96656 23172 51947 73483 59111 83461 44384 32475 74556 32487 10026 15661 74395 25850 69842 89540 11309 60562 76 72092 60901 73683 94426 36330 45939 
506 45
26227 85433 46753 21553 79260 18435 26387 17361 678 18504 28393 11172 84202 34502 75081 96721 58517 42923 27577 39985 42706 29534 31759 3120 2450 41338 41343 3832 12853 92505 96249 18314 77672 21923 3323 97178 46812 87362 34375 36034 37111 42970 20824 1826 16734 
517 42
16119 21064 13378 1134 13249 63062 17765 30359 12212 61240 10592 28490 86082 17726 46864 65198 77845 80654 21292 5506 87529 58693 52724 39820 25926 22693 9407 52773 8629 37956 90381 51871 54801 21468 27010 52195 9061 63774 35262 62069 1112 75571 
566 41
67314 85408 47370 55955 31871 42859 4269 86104 79350 88139 33170 84881 75113 46658 13058 52612 93751 57091 31570 45976 13036 24020 89339 10914 79072 55920 88308 44570 32469 51309 87115 45995 52344 23102 30456 71595 29173 23414 79347 64462 65214 
589 40
88561 99351 24998 73050 80723 27971 35334 26432 80118 54540 15850 91453 44684 97254 95370 29578 85610 1713 37701 69083 39478 18103 24555 25797 26708 23896 22259 5394 10096 33557 7514 28380 56682 33335 23168 55646 34843 25650 15494 21280 
233 39
12612 88769 47390 56514 28283 95770 84370 60486 71385 15738 6489 63762 69606 83721 14044 53928 7574 17990 26943 13953 48126 73002 49723 16149 83716 96984 28073 44501 20353 52542 72359 26491 41182 1602 10642 34989 82027 77384 58864 
304 38
19039 12788 78066 51874 22316 92543 42238 42367 19082 20249 59545 46994 72032 23871 19045 1177 56610 52507 845 54447 77154 56257 24072 34086 37950 91216 36426 59169 48141 42918 84534 14627 65980 59454 81286 65222 11582 53804 
522 37
7703 3902 60585 84440 56559 39891 61274 60095 69112 26462 90929 85038 68008 90744 69369 7631 420 79244 20065 5477 37143 57340 68461 56625 8022 25170 67781 83320 51167 13359 42114 80057 29876 3799 40231 88771 26019 
393 36
15780 10631 95913 292 82009 97453 10255 51566 95512 40417 87326 49191 48021 53941 44719 33819 26164 33467 14512 66113 17959 20942 74742 5264 53487 42865 85656 34160 73411 22036 58148 89843 95876 21677 89291 55169 
428 35
21178 30215 57976 69455 45612 63289 22671 29812 62468 72382 18401 37229 73229 17766 59508 83184 8757 69829 61511 12313 44366 44039 17582 56811 818 64359 94375 61428 12136 17782 64031 90395 37835 61527 78578 
575 34
27483 14207 40225 20591 67711 75284 45298 51534 73270 79494 62342 25358 27026 2471 40590 74058 58926 4845 78759 47757 28321 16422 38927 2503 79944 25047 97806 87397 78304 92939 21816 99801 69868 72292 
602 33
15550 69364 63011 33121 17387 30097 75429 12166 90748 85484 14932 46139 73950 97434 2233 65637 84684 61389 17610 17583 90624 63771 43991 53812 12549 88856 54700 10745 4872 88739 84258 62860 98352 
37 32
50583 66008 25835 50289 79063 28313 91657 45039 49396 64920 69225 63931 47408 87943 90508 87757 94785 35604 63988 38825 18051 76155 52692 97915 83605 30108 63402 56937 12339 82443 84894 91327 
606 30
73120 7537 99359 88843 72265 86446 70216 25881 74610 26207 50203 11108 52308 70700 41043 32714 66678 52399 59349 84526 42411 42372 40716 51694 22592 31157 22669 92957 19416 85302 
607 29
99878 78384 67897 45118 29804 87544 86520 67092 10177 96097 19821 53158 53155 13925 32635 34334 21461 20243 94135 6307 53332 52613 60960 84775 94495 95961 17098 87695 71596 
175 26
95536 20404 8845 10659 58687 19595 76551 15915 38096 39666 57222 33869 34766 43057 93814 96635 11709 86176 79573 431 41828 92362 65549 16923 38241 43727 
617 23
15034 54691 16478 31224 48062 443 1669 56382 91226 87822 92168 29677 74648 60075 63485 91753 88416 32294 98582 58349 96359 84275 18945 
621 21
42834 35347 69942 87891 59137 29464 14945 62728 10314 11658 44369 74365 79550 97675 17798 92844 36955 32502 44180 10207 86758 
633 19
11187 58772 44679 44949 64010 56724 53021 20508 32252 34648 30829 80446 4988 91612 66705 65239 80315 35090 74412 
639 17
28779 69203 90514 86254 45638 96375 78709 623 30264 56747 5688 81524 19503 14774 11039 4396 28756 
653 16
67080 59202 14226 36075 36759 4285 377 26811 41362 53885 8702 30249 50611 26497 58577 58949 
665 15
33269 3662 89995 10158 34982 81833 14847 90287 20428 37208 67579 83818 95379 48198 90907 
676 14
11449 31631 43172 86437 76131 9129 28232 39839 80751 94042 47594 24689 39396 13256 
693 13
60467 30684 81102 41089 94340 12319 53365 12266 48289 67337 43615 52832 56918 
708 12
20834 53080 23169 35143 46228 86727 75331 40626 53484 8590 3167 61598 
715 11
8722 49200 64564 9473 32407 94081 33559 60619 29457 10793 44997 
717 10
27332 38973 27711 71265 13360 77047 55590 1075 45425 42641 
779 9
6157 32674 89505 8456 99874 6753 48319 70714 9484 
813 8
20730 99787 72093 90772 53602 66825 75322 67397 
844 7
45465 37777 23171 27024 37665 50194 63435 
933 6
15611 97701 98420 83803 98281 88981 
944 5
37804 80713 78082 11270 63690 
952 4
45257 99864 52540 20324 
959 3
16566 65599 77254 
970 2
48963 68593 
972 1
77091 
